1000310
1001002
1001702
1002087
1002788
1003519
1005278
1005670
1006233
1006396
1007241
1007781
1008674
1008703
1008913
1009265
1010614
1011144
1012406
1012860
1012968
1014056
1014493
1015439
1016187
1016549
1019312
1022849
1023260
1023311
1023580
1023709
1024277
1026597
1026785
1028043
1029239
1029248
1029849
1030153
1030284
1030327
1031758
1034115
1035054
1036692
1036931
1037242
1038312
1039642
1040014
1040063
1040065
1041871
1042939
1044610
1045811
1045957
1046215
1046464
1047182
1048434
1048516
1049033
1051551
1052268
1052749
1052759
1052861
1055150
1055157
1055601
1056040
1056254
1057367
1058151
1059933
1060045
1060514
1060928
1061447
1061939
1062274
1063125
1063826
1064029
1064581
1066475
1067802
1068542
1069318
1069484
1069686
1069972
1070276
1070449
1072038
1072161
1074314
1074350
1075298
1075531
1076119
1076380
1080701
1081531
1082033
1082700
1083632
1083776
1084712
1085153
1085622
1086727
1087667
1087796
1088314
1088340
1089667
1089777
1089809
1090141
1090680
1091120
1091815
1092525
1092938
1093090
1093647
1093695
1096382
1096514
1096560
1097165
1098623
1100450
1101692
1101759
1102248
1102651
1102903
1103531
1104133
1104521
1104980
1107632
1108865
1109996
1110783
1111199
1115243
1116561
1116814
1117599
1118141
1120061
1121272
1121726
1125181
1126899
1127158
1128110
1128371
1128404
1128838
1129522
1131630
1132670
1133684
1134689
1136273
1136614
1137273
1137831
1137981
1139341
1141079
1141358
1142763
1143698
1143796
1143944
1144549
1145257
1146595
1147364
1148680
1148823
1150233
1151310
1151717
1151801
1152295
1152773
1153061
1153335
1155040
1155128
1156646
1157193
1157669
1157731
1158688
1159178
1162056
1163621
1163673
1165004
1166326
1168240
1168816
1169076
1169290
1169375
1170467
1171813
1172116
1172123
1172142
1173065
1174719
1175402
1176011
1176111
1176443
1180038
1182006
1182300
1182548
1182583
1185190
1188065
1188624
1189732
1190148
1192459
1192700
1192864
1193125
1194465
1195466
1196874
1197194
1197873
1198137
1200345
1200613
1200832
1200885
1201000
1201443
1202140
1202979
1203252
1203722
1203797
1205698
1205737
1208082
1208383
1208470
1209236
1211039
1211348
1215099
1217292
1217375
1219481
1220815
1221233
1222739
1224544
1226264
1226480
1226657
1227305
1227976
1228603
1229119
1229989
1230127
1230151
1230401
1232468
1232474
1233583
1233817
1235762
1235948
1237307
1238957
1241203
1241220
1241853
1242432
1242922
1245494
1245715
1247638
1247712
1248139
1249404
1250197
1250715
1252054
1252430
1252829
1253286
1253402
1254625
1254691
1256142
1257550
1257575
1257743
1257789
1258064
1263551
1266300
1266818
1266914
1268795
1269095
1270425
1270875
1271315
1273339
1273396
1274325
1278397
1279209
1279517
1282360
1283616
1283658
1285382
1286055
1287370
1287529
1292235
1293113
1293324
1293475
1293740
1295552
1295887
1296917
1297558
1298846
1299460
1299767
1300970
1302163
1302208
1302900
1302950
1305525
1305577
1305595
1306080
1308278
1309171
1309537
1311316
1311855
1312302
1313084
1313134
1315356
1315455
1316557
1316820
1318288
1318290
1318299
1318760
1318956
1320320
1320373
1322012
1323494
1323907
1325815
1326814
1326850
1329063
1329167
1329639
1331354
1332235
1332545
1334128
1336212
1338611
1338986
1339070
1341113
1341115
1341329
1341890
1344186
1344331
1345790
1346502
1346687
1346939
1347018
1348628
1349449
1350217
1350329
1351517
1351710
1351920
1352875
1355085
1357154
1357793
1359994
1362197
1362310
1363286
1363326
1363879
1364555
1365506
1366252
1366774
1366831
1367606
1368656
1368928
1368931
1368968
1370160
1370953
1371614
1371771
1371792
1372418
1373412
1374648
1375312
1376806
1377506
1378291
1379109
1379809
1379922
1380037
1380145
1383256
1386735
1388227
1390623
1391264
1391656
1392977
1393181
1393755
1394610
1395183
1395380
1396545
1397022
1397509
1397732
1400660
1400766
1400986
1401162
1401211
1401703
1403961
1404914
1405076
1405618
1406181
1406747
1406840
1406992
1409372
1410200
1411147
1411534
1411886
1411917
1412026
1412139
1412374
1413380
1414326
1414945
1415045
1415078
1418762
1418883
1421267
1422436
1423464
1424628
1425344
1427305
1427909
1428117
1428833
1429248
1429337
1429487
1429950
1430638
1430772
1430872
1430912
1431715
1432530
1432954
1433361
1434472
1436230
1436298
1439142
1439228
1439866
1443563
1443852
1444043
1444997
1445141
1445578
1445758
1447140
1447853
1448310
1448819
1451522
1451897
1452201
1452574
1453291
1454599
1454822
1455545
1456332
1456337
1456604
1457023
1459143
1459640
1459672
1460407
1461508
1461627
1462578
1464746
1467608
1469106
1469320
1470671
1473400
1473901
1473962
1475026
1475355
1476321
1476815
1479633
1479999
1482048
1482998
1483429
1484732
1486331
1487100
1488146
1488421
1488610
1488653
1491180
1491278
1491671
1491841
1491874
1492050
1492187
1493038
1493467
1494620
1495861
1500799
1502238
1505148
1505799
1505840
1506732
1506946
1509865
1510709
1511408
1511913
1512515
1513661
1515154
1515473
1516650
1517018
1517042
1517359
1517881
1518174
1518330
1520890
1521145
1521866
1522483
1522534
1524081
1525279
1526010
1526955
1527377
1527625
1528419
1528437
1529184
1529265
1529366
1530340
1530695
1532849
1532941
1533197
1534788
1534977
1535544
1536121
1537248
1537413
1537696
1538260
1538269
1540155
1540166
1540404
1540455
1541857
1542175
1542692
1547304
1548131
1549090
1549682
1549696
1551040
1552441
1552922
1553723
1556998
1561212
1561496
1561817
1564605
1564688
1565352
1565518
1565570
1566260
1567194
1567205
1567241
1567427
1568041
1568096
1568228
1568682
1568708
1569193
1569923
1570417
1570792
1570870
1571629
1572275
1572449
1572596
1573501
1575676
1577577
1578487
1580550
1582947
1583103
1583825
1583963
1585771
1587659
1589670
1589919
1590683
1591512
1591899
1592764
1594773
1594833
1596125
1600748
1602289
1602377
1602612
1603994
1605674
1605725
1606680
1609240
1609343
1611310
1611371
1611523
1611704
1612253
1612389
1613471
1613841
1615461
1616466
1617818
1621213
1625536
1626620
1626646
1626857
1627149
1627182
1627450
1628184
1628683
1629604
1630356
1630418
1631074
1631419
1631747
1632002
1632683
1633311
1633317
1634543
1634666
1635286
1635546
1636343
1637034
1637983
1638244
1639008
1639596
1640161
1640174
1641768
1641792
1641978
1642193
1642396
1642433
1642602
1643258
1644935
1645302
1645940
1648335
1650419
1650756
1652055
1653541
1653629
1653947
1654393
1654572
1657092
1658304
1658319
1658993
1659410
1659656
1660578
1661462
1662086
1662852
1664191
1665777
1666846
1669461
1671382
1672137
1673468
1676965
1677063
1677160
1677591
1678053
1678289
1678333
1680248
1682445
1682496
1682561
1683624
1683917
1684203
1688394
1688657
1689561
1690082
1690095
1691138
1692711
1695131
1695722
1696185
1696748
1697070
1697990
1699525
1700427
1701256
1702379
1702532
1703056
1705974
1706317
1707810
1707959
1708369
1708953
1710507
1710552
1710787
1710799
1712185
1712392
1712808
1713571
1713848
1715319
1715358
1717798
1719061
1719397
1720052
1721486
1721860
1722442
1723216
1723455
1723700
1723922
1724173
1725337
1726638
1727056
1727922
1730102
1730530
1730664
1730777
1732630
1734311
1734711
1735302
1735503
1737474
1737650
1737970
1739403
1739700
1739746
1740431
1740638
1740650
1741296
1741349
1741639
1742744
1743496
1744087
1745773
1746539
1747424
1748922
1749311
1749825
1750369
1750762
1751154
1751625
1752520
1752683
1752829
1753269
1753738
1754235
1754417
1757718
1759226
1759240
1759287
1759614
1759912
1760622
1760661
1761058
1761265
1761404
1761435
1762058
1762068
1762247
1762280
1762697
1763079
1763167
1764812
1765938
1768498
1770021
1770107
1771715
1771896
1772200
1772988
1774707
1775073
1776216
1776655
1776767
1776954
1777737
1780546
1781708
1781733
1782411
1782574
1782821
1783552
1784649
1785053
1785113
1785856
1785988
1787144
1788951
1791070
1791563
1792194
1793427
1795380
1795440
1795554
1795720
1798842
1799085
1800597
1800811
1801329
1801551
1801615
1802082
1802542
1802687
1803082
1804382
1804425
1804772
1806277
1806690
1807674
1808411
1808478
1808719
1809624
1810139
1810829
1812158
1812832
1813760
1814160
1814350
1814657
1816849
1817065
1817469
1819235
1820166
1820365
1820593
1820596
1820975
1826037
1826057
1826799
1827557
1828546
1828915
1829547
1830246
1831260
1833894
1834326
1834598
1834827
1834972
1835147
1836486
1836732
1836758
1837635
1839463
1839601
1840735
1841578
1841782
1843498
1847231
1847390
1848138
1848722
1849723
1849945
1850414
1850495
1850693
1851041
1851608
1851758
1853120
1853160
1853830
1853849
1854045
1854418
1855021
1855299
1856940
1857364
1857988
1858194
1859215
1860209
1861244
1861286
1861491
1861639
1861748
1861904
1864433
1864667
1866922
1868450
1869305
1869477
1870170
1870707
1870896
1870950
1871096
1871295
1873283
1874592
1875234
1877518
1877799
1877873
1877935
1878438
1879095
1881671
1882295
1883501
1883854
1884396
1886696
1888235
1888395
1889583
1889587
1889706
1890886
1891130
1892401
1893136
1893224
1893522
1894354
1894662
1894680
1896012
1896085
1897898
1898032
1898115
1899343
1900094
1901126
1902454
1903714
1904276
1904511
1904695
1905613
1905724
1905785
1907005
1907457
1908037
1908983
1909578
1909691
1911090
1911207
1911754
1912818
1915296
1916871
1917809
1918126
1919566
1919892
1920243
1921263
1921853
1921960
1922749
1922987
1923113
1925132
1925360
1931175
1931386
1932462
1933293
1933409
1933429
1934562
1935224
1936390
1936476
1937148
1937491
1940680
1943014
1945028
1946525
1947020
1947725
1947767
1948096
1948884
1950908
1951060
1951412
1953880
1953945
1954127
1954319
1954629
1955205
1955401
1955886
1960327
1960558
1962068
1962370
1962707
1963533
1964835
1965175
1965766
1966633
1966642
1969118
1969729
1970193
1970394
1971312
1972769
1972788
1973764
1975081
1976550
1977483
1977665
1979239
1980617
1981947
1982254
1982848
1984065
1985894
1986676
1986972
1987106
1987806
1988840
1989185
1989569
1990682
1991211
1992439
1993254
1993695
1993950
1994648
1996971
1998875
1999095
1999118
1999170
1999528
2000478
2000778
2001371
2002024
2002959
2003354
2004635
2004755
2005062
2005201
2005777
2005862
2006516
2007996
2008703
2008895
2009389
2009390
2009413
2013238
2017448
2017582
2017700
2018739
2018759
2019416
2019718
2020003
2022584
2023242
2023879
2024072
2025482
2025777
2026053
2026409
2027137
2027192
2027785
2027951
2028093
2028562
2029482
2031191
2031321
2032050
2033334
2040697
2042187
2042722
2043267
2043666
2045240
2046447
2047312
2047845
2049234
2049324
2050670
2052136
2053136
2053235
2053740
2056954
2057206
2058635
2058845
2059711
2059788
2060511
2060678
2060926
2061058
2061613
2061637
2063528
2064270
2065930
2066218
2066617
2069243
2069592
2069802
2070053
2070250
2071753
2072450
2075576
2076387
2076917
2078712
2079044
2079513
2079702
2079707
2081462
2082143
2082441
2082862
2083330
2083863
2084417
2085117
2085536
2086060
2086113
2086585
2087569
2088061
2089085
2089790
2090330
2090570
2092432
2093199
2094834
2094968
2095228
2095661
2096889
2097584
2097855
2098142
2098949
2100005
2100036
2101438
2101532
2102500
2103110
2104279
2107442
2109168
2110109
2111130
2111332
2113766
2113926
2114627
2114702
2115856
2117088
2117261
2117285
2117708
2117728
2118241
2118980
2119067
2119361
2119808
2121173
2121896
2121903
2123187
2123547
2124283
2125277
2125951
2126678
2127277
2127677
2128591
2129781
2132788
2133557
2134888
2135471
2135623
2136097
2136101
2136667
2138414
2138970
2139830
2140653
2140974
2144548
2144986
2147472
2147664
2148318
2150942
2151580
2151854
2152579
2153108
2153119
2153173
2153607
2153832
2154599
2155214
2157700
2157803
2158314
2158731
2159429
2162404
2163294
2166678
2167614
2168337
2168994
2169731
2169834
2170123
2170787
2172930
2173047
2173895
2174065
2174879
2175193
2175263
2175698
2178475
2180477
2181262
2181925
2182698
2182908
2182920
2183005
2183233
2183400
2183740
2183859
2185050
2185744
2186201
2186538
2187107
2187130
2187158
2187377
2189673
2190310
2190670
2190778
2192516
2193540
2195304
2196235
2198630
2200286
2200897
2201362
2202099
2202233
2202785
2202995
2203079
2203249
2203328
2204087
2205001
2205302
2206139
2207299
2207687
2207894
2210578
2210653
2211004
2211931
2212028
2213828
2215313
2216006
2216217
2216955
2217256
2217867
2218349
2219142
2219570
2220787
2220822
2221257
2221639
2222128
2223059
2223504
2223623
2224792
2225027
2225083
2225286
2226656
2226953
2227496
2228423
2228518
2229565
2229607
2229774
2230364
2231735
2232858
2233591
2233710
2233811
2235671
2235997
2238693
2239157
2239453
2239756
2242684
2243156
2243233
2243905
2244906
2245825
2246436
2246588
2246733
2248128
2250131
2251074
2252816
2252962
2253577
2254100
2254576
2254857
2255431
2256611
2257137
2257203
2259644
2260008
2260016
2260175
2260384
2261359
2261400
2261474
2261779
2262291
2263922
2264726
2264764
2265234
2266941
2266997
2267348
2268933
2269469
2270155
2270940
2271084
2272441
2272735
2273056
2273154
2273589
2273660
2273886
2274002
2274913
2275643
2276015
2276511
2278812
2279397
2282253
2283537
2284478
2284636
2284861
2285339
2286608
2287147
2287939
2288072
2288394
2288424
2289420
2289420
2289678
2290918
2291010
2291491
2291755
2291793
2292571
2292775
2293497
2296508
2296810
2298104
2300606
2301130
2301205
2301904
2302468
2302569
2302965
2303609
2305874
2307581
2309196
2309842
2310599
2310988
2311015
2311217
2313173
2314230
2315788
2315872
2316745
2317536
2318318
2318930
2320146
2320209
2321129
2321219
2322572
2324798
2324936
2325027
2326754
2328014
2329576
2330255
2331201
2331254
2332595
2333356
2334399
2335493
2336834
2337204
2337229
2337354
2338095
2339215
2339336
2340156
2341097
2341441
2341463
2342301
2343122
2343165
2344275
2344550
2344927
2347170
2347715
2347986
2348088
2348182
2350501
2351131
2351791
2352084
2353128
2353179
2353634
2354710
2355743
2356036
2356480
2356521
2356663
2356680
2356864
2357279
2359106
2359879
2360486
2361035
2361130
2362819
2363579
2363598
2363734
2364048
2364246
2365454
2366966
2367176
2367232
2367808
2367941
2368268
2368651
2369462
2371476
2373396
2375473
2376033
2377398
2378227
2379688
2380110
2380228
2380869
2380988
2382484
2384018
2384725
2385197
2387087
2387338
2388318
2388768
2389565
2390634
2392411
2393498
2394032
2394485
2394713
2394901
2395117
2395512
2396415
2397664
2400169
2400271
2401517
2402102
2402324
2403369
2404188
2404489
2405060
2405141
2408120
2408743
2409580
2410571
2410587
2410691
2413426
2414381
2414792
2415812
2416176
2417442
2417799
2417807
2417937
2419108
2419307
2419488
2419701
2419932
2420158
2420311
2421253
2421396
2422118
2422208
2424225
2424418
2425281
2426513
2428114
2428847
2430346
2430725
2432130
2435511
2435676
2436117
2436418
2436527
2438494
2439524
2440129
2440286
2441081
2441648
2442375
2443065
2443343
2444366
2444536
2444844
2444980
2447091
2448487
2449495
2449647
2449967
2450234
2450445
2451145
2451616
2454106
2454165
2454238
2455261
2456300
2456843
2458041
2459056
2459876
2460823
2460894
2461796
2462854
2463324
2464470
2464793
2465299
2465592
2466508
2466573
2467743
2469979
2470783
2471358
2474560
2474728
2475354
2476742
2476749
2478853
2479206
2479477
2479736
2480397
2481325
2481853
2482302
2482605
2483020
2483312
2484360
2484544
2484687
2485064
2485564
2486652
2486657
2487923
2489037
2489081
2489749
2490884
2490961
2491333
2494589
2495960
2497427
2499477
2500566
2501586
2502790
2504046
2504551
2504666
2505014
2505084
2505389
2508685
2508893
2509172
2509208
2509236
2509807
2512062
2514311
2514403
2514725
2514853
2515853
2516483
2518204
2518658
2524259
2524304
2527106
2527818
2528469
2528762
2529105
2530076
2531075
2531140
2531319
2532180
2532764
2532927
2533337
2534019
2534750
2534919
2535360
2535688
2535789
2535870
2536227
2537148
2537771
2538575
2541015
2542005
2543642
2544752
2545485
2545898
2546324
2546863
2546870
2547142
2548375
2548707
2549689
2550043
2551115
2551637
2552242
2555445
2558819
2558884
2559118
2560127
2560146
2560774
2561168
2561343
2561596
2561672
2562266
2562931
2563642
2563713
2564803
2565293
2568239
2568321
2569311
2569384
2570760
2572207
2573335
2575835
2576264
2577396
2577477
2578387
2579045
2580674
2580773
2581793
2582202
2584049
2585818
2588140
2589134
2589636
2591070
2591433
2594160
2594376
2594685
2596059
2597569
2599953
2600490
2601031
2601612
2601976
2602001
2602877
2603841
2604703
2604715
2605419
2605745
2605862
2606821
2607919
2608237
2608886
2609014
2609664
2609881
2612536
2613362
2614503
2615096
2616215
2616991
2620359
2621706
2622165
2622517
2622853
2624231
2625192
2625701
2626057
2626288
2628395
2629050
2629638
2629726
2630581
2631478
2631650
2632925
2633491
2633685
2633778
2636490
2636908
2637625
2637682
2639554
2641646
2642158
2642384
2643937
2644275
2644304
2644990
2645510
2645544
2646257
2646387
2647437
2647465
2647949
2648668
2649125
2650172
2650286
2650650
2651501
2652782
2652828
2653711
2654026
2654062
2655099
2655183
2656756
2657252
2658035
2660348
2661492
2661953
2661998
2662673
2663095
2666526
2667050
2667751
2667778
2668118
2669657
2669728
2669767
2670795
2671394
2672123
2672381
2672431
2672580
2673572
2673585
2674678
2675803
2675989
2676357
2677964
2678491
2680573
2680845
2681735
2681747
2682454
2682541
2682583
2682660
2682806
2684443
2685220
2685231
2686213
2687881
2688027
2688559
2688623
2692279
2692795
2692910
2696408
2696622
2696714
2696857
2697019
2697567
2698443
2699397
2699599
2699944
2701411
2704836
2706108
2707609
2707902
2707945
2708204
2708561
2709733
2710329
2711189
2712900
2713420
2713460
2715329
2716676
2718196
2718382
2718943
2719869
2721157
2721384
2722948
2722985
2724323
2725052
2725456
2725871
2726011
2726155
2728167
2728296
2728916
2729551
2729894
2731275
2731515
2735115
2736053
2736151
2736179
2736680
2737128
2739430
2739755
2739761
2747177
2748557
2750419
2750683
2750792
2751092
2752206
2753875
2754243
2754935
2755212
2756024
2757499
2758306
2759709
2760504
2763345
2764069
2765424
2765590
2767122
2767826
2768084
2770469
2770918
2771123
2771139
2773565
2773671
2775213
2776347
2776535
2778351
2779272
2779428
2780259
2780359
2781221
2781615
2782882
2784165
2784316
2784787
2785137
2785159
2785590
2785686
2786545
2786572
2787743
2788556
2789136
2789376
2790538
2791554
2791859
2792504
2792972
2793057
2794420
2795207
2795218
2796109
2796182
2797947
2798671
2800086
2801689
2803406
2803661
2803701
2804188
2805910
2806822
2807225
2807372
2808332
2809135
2810583
2811838
2812590
2812758
2813088
2813481
2814746
2815661
2816632
2816772
2817117
2817645
2817828
2820804
2820880
2821509
2822177
2822639
2824303
2824304
2824460
2825416
2825444
2826348
2826411
2827315
2829126
2829525
2829645
2830481
2831267
2832565
2832836
2832938
2833407
2833410
2833517
2835033
2835873
2836937
2837631
2837755
2838134
2838348
2839076
2839598
2840319
2841578
2843845
2844335
2844512
2844766
2844849
2847725
2848530
2849447
2851607
2851862
2853140
2853168
2853174
2856825
2857599
2857776
2857972
2857999
2858414
2860045
2861414
2862295
2864109
2864154
2864303
2865237
2865439
2866278
2867409
2867847
2868165
2869274
2869715
2871787
2871841
2871932
2872403
2873842
2873939
2874491
2876848
2877161
2877784
2878901
2879889
2880223
2880755
2884013
2884201
2884394
2888749
2889700
2890661
2890941
2891503
2892793
2893057
2893301
2895252
2895389
2897118
2897546
2897714
2897890
2898097
2900383
2901518
2902527
2902592
2903323
2903637
2905940
2906952
2906969
2907524
2908199
2908786
2910760
2911764
2911787
2912047
2912089
2912807
2912909
2913617
2915162
2915576
2916100
2916358
2917975
2919627
2919908
2921006
2921321
2921969
2922250
2922440
2923448
2923853
2924432
2924958
2926283
2926530
2927970
2928115
2929133
2929180
2929856
2930220
2931614
2932035
2934079
2935817
2936465
2937564
2937928
2939212
2939522
2941259
2942210
2942679
2943167
2943292
2944270
2944347
2944543
2944965
2945579
2946404
2947790
2949667
2950895
2951735
2952157
2952428
2952814
2953824
2954197
2955288
2958162
2958246
2958344
2958387
2958915
2959836
2959985
2960213
2960810
2961540
2962376
2966180
2966685
2966803
2966992
2967512
2967879
2969685
2969864
2969880
2970001
2970252
2970558
2971185
2972805
2973521
2973790
2974764
2975882
2975906
2977255
2978050
2978124
2979314
2979620
2981128
2981260
2982388
2982894
2984007
2985307
2991714
2992282
2992444
2994473
2995097
2995856
2997482
2998100
2998786
2999425
3000616
3000935
3001158
3001933
3002258
3002458
3003696
3003894
3003925
3004294
3004484
3004696
3009193
3009207
3009555
3010191
3010354
3010478
3011434
3012439
3012500
3013188
3013363
3013409
3015224
3015738
3016555
3017251
3017563
3017841
3022029
3022338
3022923
3022949
3023219
3023260
3024307
3026591
3027405
3028056
3028837
3028947
3029700
3030911
3032171
3033732
3034523
3035098
3036612
3037032
3037392
3037540
3037808
3038311
3039176
3040102
3043013
3043674
3043971
3044000
3044416
3045998
3047083
3048391
3048423
3051629
3051941
3052081
3052730
3053342
3053652
3054851
3056532
3056912
3057374
3058516
3059108
3059224
3059252
3059448
3059452
3060146
3060297
3061158
3061587
3063213
3063980
3065096
3066044
3066714
3067043
3067184
3068096
3069046
3069796
3070165
3070494
3070910
3071688
3072270
3072574
3072833
3073234
3073307
3074571
3074944
3076399
3076739
3077242
3077569
3078001
3081047
3081560
3082759
3083146
3084370
3084938
3084997
3085621
3085777
3085842
3086103
3086380
3086406
3086525
3087076
3088245
3088321
3088481
3088634
3088948
3092850
3093290
3094201
3094286
3094377
3094594
3095635
3096617
3097429
3097479
3097629
3097681
3098053
3098618
3098764
3099153
3099816
3100189
3101532
3101829
3102101
3102287
3103625
3103785
3104633
3104868
3105145
3105632
3106421
3106667
3108713
3109187
3110282
3110759
3110844
3111014
3111308
3112107
3114244
3115006
3115264
3116256
3116268
3119428
3120874
3123386
3123599
3125789
3125881
3126993
3127589
3127636
3128274
3128572
3129909
3130397
3132278
3132442
3132602
3133193
3134778
3135460
3135777
3136332
3137134
3140441
3142192
3142693
3143230
3145997
3148238
3148827
3148950
3149038
3152401
3152513
3153118
3153366
3153978
3154928
3155081
3155853
3156725
3157380
3157511
3157623
3160593
3160845
3163121
3163312
3163410
3164379
3164628
3164699
3166089
3166774
3168466
3169764
3170526
3170893
3171301
3171747
3171978
3173984
3175279
3176558
3176838
3176849
3178504
3178919
3179342
3181680
3182289
3183540
3183773
3187053
3190518
3194694
3195018
3195912
3195970
3196294
3196301
3198095
3198368
3198397
3198666
3199291
3200087
3200306
3200468
3201441
3202362
3202519
3204307
3204447
3205140
3206236
3208021
3208656
3209160
3209889
3211000
3211124
3211347
3211600
3211749
3211988
3213675
3214255
3214257
3214523
3214780
3215776
3217757
3217882
3220840
3222541
3222542
3223359
3223695
3224700
3224904
3225901
3226640
3227081
3230185
3230302
3230504
3230747
3232246
3233502
3233637
3234396
3234851
3235101
3237346
3237730
3238872
3239022
3239406
3240065
3240726
3242411
3242915
3243676
3243777
3244472
3244508
3246391
3247855
3248229
3248425
3248532
3249073
3250194
3252888
3252897
3253672
3253760
3254711
3258112
3259509
3261731
3261770
3261814
3262939
3263117
3265112
3265415
3266004
3268469
3269987
3270632
3271557
3271643
3271814
3273644
3273719
3274553
3275786
3280571
3281849
3282777
3284289
3284540
3286022
3287063
3287182
3287603
3287704
3288027
3288541
3289368
3289739
3290428
3290474
3293273
3293482
3295193
3297575
3298087
3298151
3299357
3299446
3301031
3301563
3301803
3302266
3302325
3303968
3304173
3304394
3306656
3307649
3308268
3308357
3309204
3310043
3310195
3310440
3310475
3311229
3311770
3312147
3313114
3313244
3313603
3314644
3315135
3315628
3316213
3317766
3318976
3322327
3322434
3322840
3323253
3323736
3324583
3325328
3327879
3328271
3329004
3329432
3329763
3330945
3331770
3331800
3333430
3334847
3334967
3337088
3337208
3337719
3337805
3337845
3338498
3339065
3339964
3341055
3341121
3341327
3342148
3342520
3342933
3343715
3343775
3343854
3344430
3344516
3346774
3347502
3348068
3349016
3352388
3353302
3354247
3354450
3355048
3355988
3357275
3357278
3358992
3361858
3362823
3365601
3367173
3368048
3369085
3369161
3369490
3369967
3370444
3370592
3371010
3371460
3372572
3374167
3376543
3378254
3378556
3380490
3381104
3381495
3383877
3384663
3384697
3384812
3385299
3385493
3385539
3386112
3387511
3388700
3389162
3389748
3392825
3392891
3395412
3395418
3395739
3396093
3396518
3396521
3396663
3397953
3398425
3398694
3398836
3400906
3401044
3401219
3402266
3407798
3408429
3410268
3410441
3410937
3411907
3412079
3412852
3414972
3415828
3416867
3418805
3419111
3419706
3419838
3420689
3420917
3421145
3421342
3421791
3421826
3422615
3425486
3426047
3426054
3426243
3426525
3427748
3430285
3431412
3433006
3433460
3433964
3437435
3437686
3438499
3441798
3442953
3444900
3446029
3447780
3449054
3449073
3450975
3451096
3451260
3451821
3452085
3452298
3454010
3454329
3454455
3454814
3456414
3457001
3459029
3459414
3459752
3460030
3462032
3462948
3463246
3463762
3464284
3465146
3466690
3467401
3467793
3467888
3468568
3469539
3471504
3472352
3473425
3475274
3476765
3476888
3478538
3480011
3480308
3480633
3481470
3481491
3481595
3482580
3482694
3484127
3485483
3485632
3486430
3487260
3488344
3489829
3490287
3490347
3490379
3490396
3492481
3492607
3493283
3493534
3493687
3494679
3495241
3496747
3496897
3497331
3498934
3500726
3500791
3501017
3501244
3501256
3501326
3502496
3503893
3504989
3505557
3507194
3507526
3507623
3508578
3508625
3508626
3509177
3509921
3510028
3510269
3510602
3511289
3511432
3511762
3512631
3512973
3514677
3515229
3516361
3516452
3516499
3516656
3518090
3518131
3519278
3519484
3519486
3520154
3520286
3521909
3527110
3529340
3529964
3530720
3531571
3531771
3532917
3534443
3534575
3535357
3535605
3535758
3538210
3538668
3540326
3540339
3540497
3542213
3542721
3543057
3543273
3543399
3546101
3547083
3547111
3548157
3548213
3549342
3549393
3550229
3553306
3553537
3554329
3554735
3555608
3557023
3559891
3560503
3561131
3562637
3562865
3562921
3563054
3566458
3567500
3568625
3569868
3571191
3572249
3572385
3572620
3573708
3574220
3574318
3574703
3574911
3574967
3576504
3576581
3576834
3577758
3578266
3578852
3578854
3579322
3580316
3580354
3581824
3582610
3583094
3583190
3583619
3585256
3585424
3585639
3586278
3586495
3586512
3587256
3588348
3590646
3590956
3592892
3593145
3595054
3596649
3597950
3599697
3599873
3600798
3601123
3602142
3602700
3602733
3602803
3602872
3603383
3603602
3604191
3604999
3605188
3605875
3605977
3611105
3612334
3613341
3614526
3617059
3617080
3617233
3617288
3619180
3619476
3621530
3621732
3621943
3622706
3623270
3624623
3625008
3625339
3625934
3626210
3627009
3627592
3629339
3630684
3631075
3631576
3631650
3632185
3633548
3633748
3634073
3634660
3634917
3635167
3636261
3636482
3640011
3642257
3644052
3644194
3645688
3645984
3646486
3647145
3647976
3648331
3649288
3650166
3651563
3653503
3654414
3656183
3657033
3659263
3661451
3663021
3663454
3664890
3665926
3667844
3668237
3670774
3670810
3672133
3672234
3673411
3673897
3674406
3674755
3675157
3675751
3675917
3676167
3677158
3677177
3677236
3679072
3681297
3681774
3682025
3683553
3683644
3685824
3687636
3689434
3689805
3690006
3691244
3692680
3693330
3693647
3693976
3695167
3695927
3699075
3700507
3702758
3703482
3705293
3705427
3705689
3707723
3708539
3708817
3709163
3709782
3710051
3711567
3712790
3714424
3716654
3717059
3719209
3719235
3720411
3720761
3721497
3721977
3723516
3724107
3725627
3725693
3725837
3726816
3730058
3732768
3734104
3734213
3734872
3735192
3735628
3736570
3737112
3740298
3741825
3741838
3743329
3743925
3744016
3744979
3745364
3747473
3749170
3750509
3751394
3751845
3752382
3753438
3753446
3753497
3754640
3755053
3756495
3756535
3756831
3759109
3759130
3759834
3761130
3761205
3762447
3762610
3762626
3763024
3763131
3765578
3768111
3769612
3770465
3772725
3773317
3773341
3773610
3774454
3777321
3779315
3780076
3780657
3780827
3780904
3781428
3783789
3784154
3785404
3785609
3786045
3786077
3786230
3789743
3790083
3791288
3791391
3791474
3791931
3792933
3792983
3794735
3795734
3795874
3798129
3798234
3798756
3799556
3799853
3800151
3805128
3806214
3806545
3807849
3808962
3809825
3809916
3810431
3810695
3812089
3812634
3813353
3814382
3814439
3815757
3816666
3819166
3819764
3820180
3821165
3822158
3822232
3822404
3822823
3824440
3824874
3825300
3825709
3826164
3827437
3827567
3827907
3828235
3828653
3829561
3830074
3830958
3831908
3831942
3831963
3832498
3832539
3832681
3836330
3836722
3837474
3837578
3837972
3839519
3841166
3842173
3842534
3844603
3845293
3845996
3846200
3847222
3847484
3849182
3849573
3850487
3850683
3851145
3851972
3852753
3855597
3855942
3856313
3856473
3856771
3857261
3857503
3857741
3858224
3859537
3860305
3860684
3860900
3861155
3862188
3862325
3864753
3866519
3868381
3869965
3870891
3871019
3871084
3872271
3872515
3873689
3873892
3874266
3874344
3875347
3875479
3880061
3881642
3882538
3884002
3884046
3885509
3887559
3887600
3888636
3891501
3895322
3895725
3895824
3896618
3896806
3898097
3899517
3901058
3901906
3903625
3909399
3910094
3912137
3912242
3912923
3913652
3915332
3916241
3917689
3918459
3919282
3919524
3919710
3921060
3922463
3923612
3923757
3923915
3925242
3925887
3926249
3926361
3926839
3927364
3928133
3928422
3929343
3929823
3931814
3933426
3934135
3935477
3936766
3936847
3937422
3937683
3938036
3939997
3940264
3940997
3942035
3943430
3944546
3945008
3946483
3947097
3947619
3947813
3948012
3948921
3949569
3949587
3949976
3950048
3950337
3951004
3951582
3951893
3954777
3954966
3955056
3955842
3956314
3957787
3957870
3957916
3958580
3960375
3960927
3961296
3961552
3965378
3965487
3965766
3966866
3968240
3968257
3968771
3970196
3971480
3971821
3971925
3973026
3975413
3975859
3976713
3978274
3979886
3980004
3980453
3981206
3981560
3983511
3983529
3983745
3984138
3984166
3984565
3986891
3987220
3987229
3987448
3989385
3989804
3990399
3991377
3992142
3992319
3992550
3994895
3995310
3995314
3995724
3996309
3997325
3997390
3997553
3998541
3999968
4001272
4003437
4004102
4004724
4005787
4005898
4006179
4006350
4007798
4007828
4008113
4011614
4017826
4018042
4019999
4021044
4021447
4023923
4024158
4024487
4024732
4025601
4025628
4026061
4027026
4027430
4027487
4028088
4029088
4030944
4031670
4031888
4033570
4035030
4035343
4035955
4037377
4038123
4038527
4038655
4038695
4039228
4039508
4040907
4041693
4042101
4043253
4043658
4044612
4045195
4045801
4046638
4047836
4051189
4051646
4051978
4052609
4054366
4054593
4056190
4056619
4056669
4057163
4058814
4059280
4059559
4061893
4062809
4062890
4063387
4064005
4064705
4065724
4066975
4068496
4068518
4068597
4069025
4070011
4070554
4071188
4071489
4072037
4072222
4072311
4073733
4076128
4077092
4077290
4077301
4077755
4078502
4078993
4080971
4084021
4084022
4085056
4086079
4089828
4091423
4091443
4091748
4092887
4093547
4094641
4095390
4095492
4096563
4096823
4097937
4098735
4099485
4100108
4100316
4100789
4105131
4107033
4107703
4108052
4108456
4108937
4109626
4111129
4111886
4112713
4114553
4115695
4116310
4116941
4117951
4120215
4120546
4120843
4120887
4121458
4121866
4122697
4123599
4126090
4126663
4127419
4127819
4128706
4129620
4130012
4130383
4130677
4131632
4132098
4133240
4133245
4134629
4135071
4135166
4135609
4135721
4135724
4136394
4137595
4138020
4138615
4139254
4139333
4139652
4139676
4140837
4141205
4141764
4142028
4144114
4144866
4146876
4147289
4149319
4149683
4150095
4150652
4151952
4152453
4154277
4154325
4157958
4159055
4160369
4160905
4161284
4161424
4162345
4162432
4163244
4163468
4163835
4164633
4165885
4166930
4167202
4167584
4170066
4172270
4172356
4172601
4175888
4176160
4176722
4180220
4181192
4182597
4182612
4182871
4183561
4183866
4184164
4185431
4186134
4186504
4186703
4186947
4187464
4187533
4187741
4188684
4189471
4189588
4189607
4189870
4189990
4190968
4191742
4192154
4192410
4193907
4196204
4196554
4198348
4199224
4200273
4200454
4200662
4201301
4202597
4203104
4205240
4206259
4207035
4207138
4208807
4209209
4211584
4212849
4214491
4215125
4215394
4215517
4215891
4215941
4216395
4217039
4217506
4217520
4217585
4218655
4219377
4219603
4220851
4221963
4222343
4222511
4223111
4223926
4227065
4228370
4229099
4231809
4232531
4232888
4232962
4233309
4234189
4234523
4235619
4236623
4236814
4238900
4241780
4242521
4243204
4243863
4244042
4244172
4244486
4245177
4247779
4247850
4248209
4248475
4248751
4249366
4254029
4254295
4255155
4256253
4256429
4257316
4257378
4257795
4258535
4258753
4259807
4260686
4260774
4260889
4261032
4263075
4263539
4264221
4265013
4265146
4266834
4266996
4267382
4267611
4272220
4273267
4273340
4273976
4274527
4275838
4276036
4277422
4278534
4278629
4279143
4279681
4280224
4280513
4281387
4283260
4284557
4285553
4288947
4289866
4290007
4290178
4290366
4290378
4291648
4292106
4292499
4293681
4293737
4293870
4295124
4295498
4298765
4299198
4299676
4300590
4304264
4304643
4305583
4305633
4307029
4309069
4312729
4314247
4314401
4314406
4314726
4314882
4315257
4315420
4315871
4315976
4316203
4316234
4316413
4317721
4318330
4319423
4319491
4319807
4320102
4320173
4320356
4321046
4321313
4321473
4322814
4323337
4325017
4326165
4326723
4327470
4327686
4327957
4328074
4328972
4329959
4330587
4331552
4332606
4334448
4334612
4336083
4336169
4336791
4337121
4339691
4339897
4340474
4342675
4342928
4342979
4344684
4346311
4346869
4348092
4348833
4350165
4350346
4351143
4353975
4355082
4355302
4355824
4356275
4356455
4356690
4356887
4357470
4357618
4360603
4361183
4364178
4364694
4367207
4367965
4368831
4369482
4369489
4369527
4370434
4370979
4372895
4373654
4374446
4375258
4375597
4375894
4375912
4376814
4377589
4378448
4381994
4382294
4382614
4383057
4384538
4388400
4390725
4391214
4392314
4392329
4392682
4393523
4393593
4394290
4396875
4397334
4397853
4399027
4399201
4400294
4400507
4400907
4401658
4403865
4406230
4407846
4408776
4408973
4409608
4409823
4410108
4410188
4410591
4411061
4413864
4414195
4414652
4416572
4417472
4417946
4418994
4419821
4420732
4421839
4422231
4422311
4423802
4424062
4424207
4424339
4425338
4425999
4427047
4427922
4428926
4429155
4430244
4431453
4432364
4432670
4432955
4433114
4433314
4433446
4433689
4436071
4436833
4436867
4437065
4438421
4439320
4440162
4440626
4441093
4441586
4441731
4442009
4442738
4443692
4444158
4444266
4444958
4445005
4446767
4447027
4449384
4450119
4450830
4451081
4452152
4452264
4453071
4454591
4457027
4457907
4459217
4459522
4460574
4460782
4461333
4462086
4463468
4464819
4465960
4466314
4466483
4466938
4466964
4467724
4469654
4470036
4470766
4471335
4471687
4471692
4471822
4474126
4474127
4476870
4477248
4477620
4477866
4478526
4478663
4478761
4479550
4479653
4480459
4480542
4481574
4482124
4483153
4484038
4484152
4484659
4485774
4486843
4488226
4488766
4489227
4490430
4490478
4491250
4492828
4493225
4493856
4494037
4495850
4497087
4499425
4499973
4500386
4501166
4502297
4502518
4502572
4503183
4506070
4506944
4506951
4508361
4509251
4511066
4511588
4512276
4513447
4513537
4515632
4516205
4517208
4518925
4519928
4520409
4521690
4522774
4523016
4523294
4524097
4524171
4526648
4526815
4527373
4527397
4527678
4527907
4528432
4528921
4529197
4529257
4531002
4531017
4531539
4533675
4535143
4540771
4542415
4544176
4544265
4544501
4544858
4545650
4547092
4547920
4548889
4550697
4552161
4552850
4552941
4554140
4554650
4555029
4556626
4556711
4556712
4558892
4558924
4558993
4559545
4562093
4563305
4563565
4564584
4564811
4565481
4565606
4566249
4566634
4566875
4567691
4567747
4568498
4568685
4571696
4572232
4574280
4574782
4575495
4575497
4577362
4577889
4578122
4579131
4579252
4579534
4579847
4580295
4580697
4580760
4581848
4582567
4583000
4583231
4584488
4584604
4585081
4585381
4585850
4585863
4586128
4586462
4586511
4587487
4587663
4588741
4589281
4589966
4590010
4592582
4592819
4593237
4593746
4594638
4596498
4599242
4599565
4599822
4600932
4601027
4601373
4602409
4602514
4605232
4606277
4606417
4607527
4609088
4612113
4612169
4612380
4612774
4612981
4613267
4613452
4614752
4615428
4616103
4616339
4617025
4618206
4618998
4621070
4621156
4622039
4622577
4622767
4623566
4624737
4624939
4625781
4625993
4626219
4626588
4629543
4630218
4631016
4631423
4632380
4635169
4635929
4635985
4639843
4639913
4640133
4641122
4642673
4643323
4644311
4645610
4646516
4647329
4647463
4648101
4648474
4650579
4650673
4650909
4651448
4653967
4654123
4654607
4654731
4654859
4655126
4655662
4655958
4656290
4658170
4661588
4661638
4662232
4662882
4663359
4664611
4667012
4667240
4667770
4668172
4668596
4669108
4669296
4669469
4669654
4669834
4670638
4671202
4673609
4673844
4674348
4674912
4675418
4676850
4677110
4677128
4677342
4678471
4679228
4681199
4683713
4683858
4683940
4686186
4686472
4686640
4687339
4687515
4688400
4688629
4690289
4691176
4692272
4692336
4692867
4692899
4693076
4693363
4693441
4693951
4693976
4693979
4695742
4695959
4696754
4697235
4698574
4699592
4701096
4702708
4703165
4704136
4704983
4705624
4706042
4706136
4707276
4707681
4707798
4707944
4708190
4708220
4708945
4710123
4711683
4712849
4714598
4715023
4716080
4716549
4718356
4718555
4721476
4721519
4722066
4723232
4723723
4725036
4725428
4725764
4726194
4726437
4726839
4727080
4727678
4732829
4733477
4733595
4733624
4734631
4735236
4735270
4735785
4736342
4737513
4740085
4741373
4741586
4741849
4742250
4742472
4743252
4744502
4747023
4748066
4749934
4750433
4750480
4750646
4750847
4752052
4752143
4752292
4753901
4754508
4754971
4755396
4758258
4758768
4758946
4759599
4760406
4760510
4761306
4764598
4764668
4765114
4766202
4769395
4769476
4769865
4769922
4772797
4773431
4774371
4776094
4776977
4778668
4778793
4779194
4779631
4780083
4780818
4784401
4784506
4784951
4785268
4786451
4788063
4788093
4788353
4790165
4791617
4793715
4794043
4795291
4795461
4795707
4795972
4796126
4796923
4798555
4798949
4799473
4800713
4801633
4804772
4804920
4804973
4805123
4805712
4807300
4807477
4807714
4808746
4811593
4811943
4812756
4813143
4814048
4815366
4815748
4816710
4817233
4818175
4820182
4821024
4821762
4823045
4825400
4826139
4826207
4830079
4830982
4832881
4833107
4833239
4834553
4834781
4835932
4836248
4837247
4838071
4840143
4841261
4841857
4842870
4844267
4844642
4845185
4845322
4845626
4846221
4846325
4847047
4847309
4847443
4847715
4849630
4849768
4850539
4850786
4851746
4852489
4852628
4853384
4855075
4855738
4858105
4858807
4858972
4859140
4859262
4859383
4860785
4860813
4861150
4861802
4863862
4865205
4865506
4865521
4866396
4867089
4868282
4868585
4869585
4869606
4869621
4869841
4871218
4872080
4872739
4873552
4874270
4874601
4874695
4875834
4876232
4876540
4877333
4877540
4878954
4879214
4879381
4879616
4880076
4880496
4881587
4882351
4882963
4883051
4883214
4883604
4884956
4885305
4885971
4887683
4887956
4888022
4889290
4889489
4890299
4890719
4891290
4891918
4893670
4893686
4893970
4894023
4894562
4896310
4898662
4899144
4899350
4899357
4899562
4901716
4901900
4902532
4902602
4902808
4903689
4903755
4903821
4905666
4907847
4908358
4909341
4910285
4911688
4915340
4915909
4916042
4916279
4916698
4916894
4917410
4918071
4918269
4918821
4919259
4919867
4920022
4920301
4921639
4922350
4924267
4925129
4925767
4927156
4927458
4927806
4928137
4928319
4929095
4929926
4930095
4934834
4936976
4938604
4939668
4939971
4942596
4943148
4943408
4943452
4944069
4944463
4945421
4946513
4946625
4946826
4947128
4947646
4948883
4948901
4955576
4957163
4957315
4957717
4959915
4961033
4962069
4962088
4963393
4963454
4963509
4964465
4964672
4968333
4969099
4970291
4970798
4971490
4972177
4974621
4974893
4974907
4975876
4977000
4977689
4978499
4979855
4981669
4982510
4982776
4982822
4982911
4983455
4987555
4988272
4989538
4989967
4990060
4993651
4994571
4995105
4995341
4995776
4998272
5000473
5000877
5001270
5002124
5002761
5003941
5004098
5004156
5004958
5006310
5006317
5006367
5007281
5008105
5009221
5010767
5011317
5013817
5014903
5014980
5016015
5016731
5018575
5018792
5020005
5020464
5021183
5022265
5022461
5022921
5023000
5023008
5023209
5023243
5023274
5023384
5024512
5024521
5024837
5025747
5026023
5026187
5026788
5027046
5028023
5030931
5032478
5032553
5032612
5033689
5034675
5035310
5035861
5038329
5040076
5040345
5041583
5041716
5043753
5044838
5046531
5048665
5049492
5049658
5051307
5051323
5053565
5053901
5054147
5054247
5055566
5057415
5058947
5062136
5062198
5062452
5062921
5064292
5064417
5064673
5064849
5066023
5066559
5067136
5067145
5067148
5067292
5067490
5068316
5068394
5071980
5073225
5073931
5074293
5074719
5075165
5075575
5079352
5080369
5080542
5080985
5081744
5082005
5083381
5083590
5083735
5083895
5083925
5084591
5085425
5085650
5088017
5088369
5089438
5092812
5092986
5093303
5093470
5093698
5094057
5094272
5095377
5098507
5100878
5101322
5102387
5103293
5103718
5108128
5108489
5109163
5109946
5110113
5110509
5111603
5114652
5114955
5115847
5117519
5119410
5120782
5120806
5122224
5122323
5124617
5124876
5125686
5125845
5127190
5128207
5128828
5129963
5131472
5132414
5132778
5135496
5135657
5137193
5137725
5137729
5137900
5138958
5140363
5140650
5141289
5143387
5144266
5144803
5144858
5145128
5145133
5145789
5147777
5147905
5148917
5149824
5150548
5150626
5151314
5151710
5153037
5153651
5154077
5154310
5154984
5155334
5159130
5161979
5162411
5164418
5164487
5165085
5165976
5166064
5166220
5167504
5167921
5168027
5169753
5169821
5170242
5170481
5171808
5173266
5173794
5174501
5176136
5178257
5178657
5178671
5179733
5181011
5181255
5181984
5182525
5182879
5183431
5183948
5184337
5184393
5184537
5184995
5185163
5185295
5185588
5185870
5185985
5186002
5187713
5188006
5189736
5190333
5190423
5190492
5191559
5191722
5191751
5193130
5194292
5196515
5197521
5199495
5199765
5199940
5200150
5200793
5201915
5202505
5203687
5203915
5204065
5204200
5204267
5204623
5207838
5207904
5207941
5208212
5208319
5208525
5209735
5209857
5210774
5211503
5211825
5212736
5212871
5214111
5214720
5216829
5216964
5217874
5219579
5220282
5220587
5220658
5220828
5221047
5223337
5223590
5227890
5228559
5229159
5230054
5232931
5235693
5235873
5235981
5239566
5239692
5241008
5241364
5241617
5242028
5242242
5242459
5242726
5243231
5244943
5245149
5245473
5246851
5247266
5247974
5248814
5250156
5250764
5251569
5252076
5252210
5254312
5254376
5254464
5255551
5256712
5257041
5257186
5257942
5258781
5259394
5260354
5260617
5261394
5261988
5262638
5263241
5264432
5264756
5264876
5265389
5266673
5268598
5269384
5269428
5269907
5271123
5271454
5271763
5271906
5271925
5272383
5274274
5277695
5280225
5281352
5281883
5281963
5282491
5283318
5284099
5286106
5286382
5287007
5287955
5289094
5292447
5292657
5293278
5293820
5294148
5294241
5294488
5298010
5298598
5299356
5299907
5302395
5302405
5302550
5304920
5306050
5307982
5308414
5309260
5309316
5311323
5311991
5312775
5313149
5313386
5314530
5314955
5315159
5315390
5315440
5315981
5317115
5317604
5317928
5318157
5318534
5320507
5320540
5323407
5324636
5324939
5325082
5325626
5325647
5325744
5325921
5326063
5326430
5327223
5327432
5327806
5328517
5328871
5329182
5329385
5329705
5329922
5331443
5332066
5332423
5333144
5333209
5333646
5336032
5336643
5336816
5336957
5338082
5338600
5339582
5339610
5339891
5340104
5340919
5341849
5342193
5344150
5344684
5346706
5347060
5350957
5351883
5355310
5355777
5356369
5356410
5358122
5358665
5359614
5361330
5364496
5364855
5364964
5365816
5366447
5366528
5367629
5367880
5368099
5368372
5369715
5370214
5370354
5371047
5374882
5377117
5377698
5377698
5377714
5377731
5377997
5378448
5378800
5378909
5379155
5379702
5380187
5380370
5381193
5381379
5382178
5382769
5382945
5385462
5385695
5385712
5386030
5387565
5388980
5389778
5390015
5393126
5393395
5394174
5395252
5395288
5395867
5395914
5397442
5397562
5397664
5398069
5398134
5401231
5401886
5402868
5403610
5405824
5408258
5409831
5410992
5412494
5413407
5414009
5415181
5416998
5417460
5417727
5418340
5418686
5419541
5420889
5423287
5424247
5425199
5425847
5426030
5426053
5426069
5426453
5426981
5427603
5427887
5428783
5429400
5429851
5430399
5432089
5432837
5432967
5433132
5433534
5433765
5434294
5435313
5437956
5438489
5439003
5439341
5439504
5440356
5440603
5440929
5441472
5442082
5444253
5445905
5447070
5447360
5448967
5449102
5449884
5450615
5450762
5451823
5454676
5454720
5455297
5456087
5456430
5457919
5458332
5458576
5458695
5458787
5458966
5460391
5460540
5461595
5462325
5463191
5463764
5464250
5464294
5464598
5464858
5465189
5465445
5468446
5468568
5469130
5469500
5470356
5471153
5471242
5471559
5472723
5472826
5472970
5472990
5473558
5473697
5473982
5474352
5474589
5479594
5479738
5480036
5481208
5481428
5481737
5482352
5483447
5483848
5484163
5485325
5486137
5486176
5487013
5489410
5491850
5492165
5493046
5493050
5493105
5493352
5493391
5493647
5493882
5494501
5495364
5495465
5495909
5498298
5499005
5499281
5499768
5499892
5501973
5503878
5504638
5505423
5505919
5506382
5507210
5507969
5508457
5510011
5512079
5512203
5512907
5515614
5515665
5517215
5517628
5518043
5518389
5519987
5520944
5521120
5521496
5521713
5522103
5522735
5523912
5526416
5527253
5528380
5528445
5528510
5528827
5529565
5529606
5529930
5529984
5530358
5530715
5533560
5534851
5534878
5535203
5535300
5536207
5538282
5538734
5538982
5540850
5541802
5542631
5543024
5543479
5543626
5544018
5544452
5544724
5545408
5545838
5546812
5546882
5547997
5550462
5550972
5551428
5551567
5551672
5552651
5552848
5554227
5555500
5556274
5557057
5557328
5557426
5557622
5557809
5562496
5562699
5562979
5564092
5564234
5564489
5564808
5565650
5566077
5566479
5566544
5567809
5568407
5569216
5570924
5571690
5573059
5576550
5577118
5577386
5578050
5579674
5580055
5580557
5583986
5585494
5585705
5586797
5590750
5591112
5591250
5591624
5591726
5595403
5597175
5597986
5599830
5600029
5600225
5602997
5605286
5606608
5607861
5608306
5608538
5608861
5608914
5608967
5609200
5609833
5609930
5611149
5611704
5611714
5611808
5612190
5612423
5613053
5614038
5614040
5616308
5616890
5617283
5617503
5617628
5617629
5618699
5619777
5620020
5620143
5622037
5622362
5623516
5624730
5625502
5625533
5625695
5625864
5626806
5628867
5628995
5629681
5630025
5631390
5631625
5631924
5632605
5633232
5634240
5634874
5636005
5637077
5637680
5637897
5639404
5639502
5640829
5641197
5641386
5641995
5642144
5643335
5643786
5646149
5646480
5647532
5647661
5648816
5649245
5649412
5650433
5650476
5651070
5651805
5653227
5654003
5654996
5656805
5657719
5658359
5658380
5659257
5661364
5663017
5663366
5663652
5664383
5665075
5665250
5666279
5666500
5667868
5668024
5668129
5670822
5671342
5672866
5675001
5675493
5675798
5675927
5676457
5677968
5678829
5679235
5679394
5679463
5681593
5681875
5681954
5682339
5683165
5683629
5683993
5685433
5686343
5687664
5687706
5687874
5688268
5688416
5688754
5689683
5690222
5691942
5692087
5693402
5693801
5693967
5695782
5696996
5698725
5699007
5699011
5699162
5700975
5701068
5702199
5702923
5703726
5703760
5705432
5705776
5706019
5706264
5706697
5707640
5708106
5708383
5708450
5709006
5710379
5710802
5710926
5711447
5712629
5713470
5715362
5716152
5716687
5716845
5716873
5717534
5718588
5719100
5719761
5720184
5720485
5721698
5722304
5722334
5722384
5723045
5723426
5724467
5724615
5724664
5725984
5726145
5728054
5729873
5730635
5730960
5732063
5732141
5733866
5734284
5734423
5737588
5738165
5739427
5742095
5742296
5742717
5743141
5744602
5745304
5746459
5746595
5747399
5749210
5750052
5750149
5750245
5751232
5753076
5753343
5753463
5754157
5755683
5755918
5756395
5757255
5757998
5758164
5759149
5760596
5762394
5763231
5763434
5765868
5766177
5766423
5766443
5766899
5766999
5767065
5768784
5768789
5769779
5769999
5770309
5772440
5772657
5773940
5774643
5776537
5776608
5776744
5776769
5776874
5777506
5778051
5778545
5778600
5779514
5780013
5780304
5780790
5781242
5781411
5781652
5783532
5783832
5783962
5784997
5785241
5785274
5785404
5786392
5788134
5788476
5788476
5789555
5791403
5793242
5794957
5795430
5796308
5796566
5796634
5797842
5798475
5801021
5803684
5804285
5804761
5806602
5807575
5810583
5811767
5812543
5812763
5813297
5813844
5814063
5816979
5817099
5818697
5820346
5821104
5821910
5822122
5822404
5822459
5823635
5824229
5824431
5824764
5825237
5826356
5826796
5826928
5827283
5827539
5827672
5828780
5830918
5830972
5831580
5831799
5836248
5836588
5837006
5837855
5839135
5839358
5840022
5840617
5841663
5842065
5842825
5843055
5843104
5843997
5844202
5845307
5846421
5846612
5846841
5847179
5849466
5849739
5851027
5851407
5853424
5856751
5857178
5859283
5859385
5860225
5860454
5860542
5860746
5860786
5860808
5861137
5861223
5861297
5862306
5863127
5863374
5863947
5866205
5866250
5866333
5866364
5866869
5866995
5867269
5867597
5867742
5870659
5870788
5873018
5874255
5874486
5876331
5877713
5878109
5879496
5881901
5881933
5882453
5882692
5882712
5883043
5886844
5887285
5887556
5889264
5890277
5890637
5890743
5891278
5891320
5891589
5892376
5892770
5892875
5893121
5893706
5895948
5897103
5899125
5899227
5899285
5900239
5900795
5901559
5901595
5901731
5903347
5904273
5907272
5909041
5909078
5909821
5909854
5910524
5911543
5914666
5914813
5915342
5916224
5917112
5917831
5919725
5919903
5920426
5920537
5922085
5923721
5925319
5926390
5926766
5926900
5927331
5927555
5929151
5929248
5930208
5930311
5930388
5932078
5933105
5934630
5935135
5939003
5939304
5940044
5941077
5941416
5942978
5944164
5946115
5946552
5947501
5948440
5948536
5949537
5951221
5951286
5952493
5953658
5954378
5955667
5956711
5956926
5957812
5958918
5959850
5961377
5961977
5962602
5963303
5965308
5966123
5967294
5967908
5968140
5969444
5970201
5970351
5970447
5970878
5971205
5971447
5971823
5972270
5973195
5973485
5973756
5973879
5975381
5976968
5977807
5978418
5978824
5979169
5979926
5981757
5982163
5983979
5985457
5985899
5988357
5990314
5991177
5992833
5992996
5993483
5993510
5993882
5994128
5996323
5996482
5996549
5997299
5998036
5998662
5999317
5999324
5999414
5999637
5999640
6001305
6001631
6001980
6002041
6002081
6002463
6002997
6003841
6005134
6005501
6005815
6007125
6007418
6008467
6008506
6008641
6009726
6010179
6011054
6011818
6012788
6013224
6013846
6014125
6015666
6015842
6015955
6017297
6017475
6017641
6019226
6019315
6019750
6021008
6021070
6021088
6021890
6023433
6023720
6024862
6026118
6026270
6027016
6027248
6028125
6028145
6030143
6030193
6030529
6030686
6031307
6031347
6031457
6031922
6031937
6032794
6034335
6036983
6037596
6038109
6040300
6040570
6042122
6042559
6043552
6044112
6044383
6044611
6045319
6045370
6045766
6047258
6048394
6048629
6048729
6049407
6049724
6049805
6050370
6051965
6052941
6053235
6054090
6055003
6055373
6056803
6058657
6059275
6060330
6060893
6061089
6061403
6061584
6062667
6063786
6063892
6064150
6064875
6069158
6069212
6072017
6073979
6074244
6074274
6075781
6076725
6077452
6077458
6077545
6078484
6078487
6078960
6081833
6082669
6083750
6083826
6084185
6085859
6087814
6089530
6090261
6090603
6091422
6091431
6092225
6092333
6093595
6093677
6095282
6095806
6096226
6096250
6097347
6098035
6098927
6099542
6099805
6100964
6101735
6102485
6102515
6102522
6102985
6103633
6103792
6104227
6105175
6105640
6105675
6105973
6106168
6108298
6108602
6108840
6109307
6110560
6111391
6111852
6112223
6112654
6112957
6114822
6115124
6115521
6118212
6120728
6121274
6124277
6124373
6125386
6126531
6126670
6127281
6127542
6127590
6127593
6127709
6128065
6129618
6130515
6130983
6133110
6133236
6134483
6135084
6135544
6135656
6136827
6137734
6139216
6140940
6142172
6143614
6146128
6146293
6146833
6146895
6147065
6147178
6148178
6148251
6148305
6149027
6149258
6149986
6150328
6150554
6151311
6152370
6153098
6153855
6154376
6157083
6157921
6158001
6159483
6161658
6161811
6161939
6162471
6163441
6166098
6166238
6166499
6167036
6168222
6169464
6170370
6171052
6171321
6172594
6173029
6173563
6173892
6174679
6175529
6175630
6176189
6176266
6176759
6177434
6179626
6179681
6179900
6180280
6180968
6181805
6181926
6181990
6182122
6182256
6183912
6184251
6184405
6185155
6185727
6186093
6186556
6189121
6189882
6190666
6190973
6193788
6193986
6194212
6195531
6196523
6196844
6197275
6197289
6198691
6200414
6200482
6202170
6203160
6204690
6207439
6207513
6207890
6209270
6209285
6209970
6210508
6210658
6210824
6210890
6212030
6212215
6212607
6213050
6216265
6218015
6218342
6218690
6222090
6222126
6222341
6223715
6226125
6226464
6227303
6227510
6228176
6232156
6233556
6233732
6236575
6236706
6236921
6237143
6237556
6237604
6238185
6238565
6238835
6239741
6241203
6242034
6243500
6245092
6245265
6245739
6247234
6247325
6248308
6250153
6250389
6250625
6250675
6251867
6252822
6253345
6254481
6255458
6256858
6257176
6257255
6258152
6258674
6258817
6259256
6260422
6262363
6262747
6262950
6263646
6267627
6268961
6270401
6270684
6271313
6271685
6273579
6273993
6274090
6274705
6274877
6275038
6275342
6275789
6276694
6276960
6277620
6277790
6277952
6278918
6279522
6279886
6281399
6281672
6281711
6282464
6282537
6283305
6283404
6283569
6284748
6284919
6285686
6286025
6286261
6288017
6288969
6291698
6294014
6295717
6297180
6297822
6298865
6299345
6299741
6300079
6300961
6301987
6302153
6303643
6303910
6304333
6305285
6305714
6306176
6308600
6313114
6313253
6313307
6313672
6313929
6314874
6315139
6315881
6316518
6317201
6317474
6317645
6317945
6319692
6320759
6324037
6325713
6325761
6326762
6327034
6327049
6327471
6329116
6330708
6331255
6331271
6331932
6332224
6332311
6332472
6333051
6335327
6335852
6336786
6336959
6338673
6338839
6339426
6339906
6341894
6342220
6342427
6343242
6346782
6346874
6347220
6347362
6347868
6349269
6349798
6350271
6351404
6354380
6356767
6356874
6356927
6357224
6358820
6359427
6359751
6360621
6361794
6361794
6363322
6363486
6363629
6363668
6364783
6365024
6365764
6367243
6367453
6369791
6370218
6372192
6372615
6372729
6373809
6373907
6378356
6379426
6380078
6380223
6381193
6381218
6381500
6381522
6381870
6384867
6384895
6385579
6385871
6386931
6387947
6387981
6388353
6389901
6390455
6390642
6391416
6392727
6394885
6396413
6396897
6397363
6398065
6398083
6398304
6400817
6401812
6401827
6402594
6403160
6403202
6405008
6409753
6410297
6411498
6411886
6412071
6412511
6413300
6416425
6416990
6417721
6418129
6420410
6420950
6421726
6422035
6422355
6422545
6422609
6422898
6423143
6424382
6425702
6426921
6431285
6431540
6431567
6432382
6432807
6435984
6436230
6436263
6436315
6436783
6436821
6437289
6437634
6437800
6439617
6440486
6441715
6441814
6442318
6443222
6443973
6444629
6445017
6445881
6446912
6447438
6447473
6447580
6447684
6448047
6448473
6449122
6449833
6451114
6452185
6452433
6453790
6453842
6453984
6455342
6455779
6456618
6457726
6457739
6458030
6459169
6459332
6459961
6459976
6460177
6460466
6460921
6461350
6461868
6462144
6462276
6462474
6462878
6464058
6465137
6466566
6467215
6467425
6467473
6468305
6468954
6470468
6470742
6471039
6471527
6473098
6474304
6476000
6477885
6479042
6479636
6480493
6480922
6482205
6482748
6483152
6483689
6483977
6484436
6486072
6486467
6486689
6487475
6487714
6487976
6490079
6491168
6491411
6493272
6493288
6494208
6494869
6497719
6498821
6498923
6499911
6500667
6501860
6502197
6502531
6502864
6503717
6504221
6504474
6504481
6505350
6506250
6506346
6506352
6507599
6507649
6510036
6511034
6511137
6512005
6512041
6512145
6512251
6512759
6513261
6513458
6514717
6514772
6515564
6515668
6516060
6517936
6518204
6519606
6519837
6519890
6520508
6522082
6522944
6524326
6525283
6525545
6525867
6526173
6526861
6528587
6529582
6529906
6530316
6531748
6532321
6532408
6532880
6534512
6535697
6537143
6537907
6538502
6538736
6538893
6539147
6539180
6540147
6540957
6541598
6541617
6541874
6541965
6542365
6542455
6542964
6543129
6545596
6545984
6546610
6547046
6549097
6551196
6553492
6556391
6559749
6560285
6560558
6561314
6566009
6566742
6571322
6571657
6572124
6572256
6573912
6574135
6575456
6575646
6576031
6577293
6577821
6577964
6578207
6579616
6580454
6581839
6582570
6582870
6584466
6585223
6585696
6586058
6589039
6589987
6591634
6591704
6593133
6593167
6593792
6593919
6594079
6594435
6594787
6594861
6595297
6595526
6595546
6596285
6597008
6598314
6599763
6599792
6601799
6603024
6603246
6604301
6605272
6607426
6607656
6608480
6608927
6609914
6613392
6613561
6615412
6616739
6617064
6617691
6617707
6618668
6618682
6619263
6619404
6620363
6620616
6620738
6621749
6623855
6625149
6625747
6626604
6627450
6627660
6629032
6629620
6630127
6631348
6632668
6632672
6634006
6634368
6636143
6641501
6643108
6646993
6648907
6649347
6649818
6651387
6652369
6653729
6653839
6654152
6655365
6655377
6657168
6657768
6657770
6657912
6659412
6659985
6660158
6660542
6660793
6661260
6661280
6661890
6662256
6663280
6664422
6665207
6665370
6666196
6667170
6667183
6667356
6667699
6669295
6669794
6671215
6671971
6672538
6672846
6674875
6675539
6676340
6676503
6676784
6677257
6677430
6677736
6678110
6678265
6679067
6679590
6679946
6679964
6680267
6680578
6680674
6682050
6683271
6684091
6685953
6686040
6686066
6687453
6690881
6691196
6691678
6692448
6692699
6694083
6694109
6694561
6694725
6696387
6698381
6699006
6699116
6700365
6701014
6701364
6702891
6704142
6704246
6705373
6705792
6705870
6706075
6706405
6706898
6707207
6709398
6710041
6710309
6711848
6712414
6712900
6713269
6713708
6713780
6713787
6714272
6716043
6716442
6716964
6717643
6717687
6719001
6719263
6719809
6720516
6721330
6721971
6722558
6722619
6722781
6723939
6724262
6724463
6725822
6726962
6727922
6728630
6729888
6730093
6730248
6730402
6730415
6731407
6732220
6732342
6732492
6734441
6734484
6736777
6736783
6737187
6740779
6741112
6742705
6742838
6743892
6744881
6745592
6746124
6746500
6747092
6747469
6748059
6748832
6749038
6749092
6750156
6750510
6754404
6754636
6754707
6754848
6755272
6755974
6756261
6758564
6760271
6761173
6761514
6761853
6761968
6762014
6764585
6765449
6766350
6768018
6769079
6770299
6773389
6773595
6773684
6774053
6776599
6777195
6777383
6777901
6779614
6779783
6782040
6783206
6783295
6783934
6786019
6788647
6789270
6789331
6790990
6791696
6792456
6793917
6794090
6794117
6794186
6795129
6795167
6795277
6795488
6796496
6797361
6797984
6797994
6798406
6798678
6798732
6799138
6799975
6800082
6801202
6801395
6801484
6801536
6802429
6802547
6803103
6803961
6804344
6805090
6806327
6807100
6807236
6807764
6808012
6808681
6809531
6810211
6811524
6811755
6812772
6813336
6813538
6814655
6815273
6815583
6815624
6816210
6816934
6816997
6817388
6817650
6818610
6818853
6819627
6820371
6820571
6822252
6822585
6824370
6824406
6824476
6825228
6825266
6825720
6825824
6826100
6826389
6827672
6828220
6829302
6829481
6830768
6830966
6832321
6833904
6834557
6836189
6836386
6837739
6837906
6840099
6840128
6840296
6840410
6840458
6841364
6841381
6841644
6841699
6842480
6842551
6843289
6844304
6845499
6846247
6847058
6848758
6849543
6849554
6849661
6850034
6850325
6850680
6852233
6852254
6852910
6853174
6853319
6854568
6855084
6855142
6855297
6856277
6857365
6858052
6858433
6859203
6859708
6860129
6861598
6863377
6864309
6864478
6864979
6866158
6866309
6866651
6867202
6867252
6867610
6868844
6869366
6870605
6871034
6871185
6871683
6874173
6874916
6876313
6876904
6880344
6882506
6882755
6883651
6883827
6884197
6884201
6884463
6884850
6884892
6886352
6886777
6886916
6888516
6889033
6890318
6891316
6893873
6894604
6895491
6895542
6895712
6895805
6896542
6896863
6897431
6897563
6897619
6899072
6899662
6901392
6904269
6904398
6905148
6905583
6905674
6906577
6906636
6908114
6909978
6910767
6911012
6911260
6911712
6912887
6912977
6913212
6913983
6914022
6914183
6916201
6918098
6918176
6918448
6921431
6922602
6923818
6924379
6925088
6926751
6926999
6927017
6928699
6929898
6932424
6932913
6933786
6934647
6935310
6935784
6941170
6941194
6941365
6942003
6942013
6942087
6942463
6943045
6945267
6946058
6946418
6946490
6947794
6949501
6949912
6950706
6951178
6952509
6952622
6953031
6953067
6955157
6956631
6957346
6958772
6959969
6960471
6962035
6962416
6965195
6965378
6965533
6966431
6966728
6967546
6968024
6969876
6970377
6971508
6971984
6972020
6972398
6973634
6973976
6974413
6974495
6975384
6975856
6976027
6976208
6976682
6976978
6977181
6977311
6977454
6977573
6979981
6980159
6981987
6982081
6982229
6982234
6982781
6983118
6985814
6985827
6986972
6988491
6988822
6989638
6990412
6991873
6991880
6991907
6992257
6992677
6993325
6993668
6994809
6995195
6995774
6995945
6996063
6996169
6996179
6996657
6998392
6998640
6998899
6999927
6999990
7001903
7002968
7003313
7003647
7005294
7005327
7005568
7005700
7008221
7008760
7008800
7008974
7009335
7009906
7010306
7011176
7012486
7012735
7013113
7013150
7013865
7013909
7013958
7014555
7014954
7016131
7017603
7018017
7018155
7018165
7018711
7019553
7020657
7021046
7021514
7022372
7022458
7023415
7024150
7026565
7026899
7029071
7029985
7031817
7031887
7035509
7035607
7037340
7038015
7038366
7039450
7039619
7040471
7040475
7040722
7043719
7043801
7044112
7045392
7045507
7046112
7046790
7046888
7047023
7048726
7049409
7050170
7050530
7052676
7053940
7055056
7056428
7056465
7057083
7057509
7058415
7059793
7059959
7060820
7061241
7062461
7062661
7062973
7062983
7063257
7063535
7063977
7064483
7065299
7065415
7067008
7067129
7067385
7067902
7068567
7070469
7070718
7071204
7071723
7073193
7073826
7074870
7075318
7075469
7075870
7076694
7076831
7076917
7077396
7078783
7079394
7079605
7080136
7080568
7080788
7084844
7086174
7087495
7088264
7090007
7090109
7091485
7091650
7091874
7092708
7094868
7096180
7098739
7099493
7100074
7104570
7105745
7106927
7107605
7110540
7111306
7112308
7113092
7113973
7114218
7115201
7115653
7116054
7117109
7117681
7117864
7117871
7118775
7119228
7121569
7121574
7121641
7122335
7122952
7123008
7123460
7123862
7123923
7124379
7125196
7125440
7125440
7125758
7126658
7126975
7127263
7127738
7127940
7128173
7128227
7129035
7129148
7129980
7130375
7131370
7131584
7132377
7133166
7133266
7133942
7134143
7135139
7135714
7137146
7137963
7138257
7138530
7139629
7139860
7141272
7142650
7142694
7143012
7143478
7143970
7144122
7144768
7144884
7145232
7145466
7145702
7146165
7150329
7151174
7151410
7151848
7152785
7153201
7153246
7153537
7154075
7154101
7154843
7155470
7155753
7156178
7157135
7158537
7158700
7158881
7158926
7159911
7160903
7164287
7165613
7165733
7166802
7169221
7169423
7170421
7171139
7171213
7172167
7176149
7176216
7176748
7177151
7177827
7177846
7178583
7178692
7179582
7179852
7179866
7180711
7181396
7182367
7184569
7184753
7188889
7189027
7193145
7193433
7194251
7194792
7196008
7196791
7198930
7199094
7199514
7201209
7203047
7203223
7203497
7203822
7204197
7204387
7204477
7204510
7206190
7207330
7207820
7210563
7210654
7211499
7212162
7212188
7212446
7213691
7213781
7215283
7216450
7217950
7218845
7221335
7222167
7222567
7223739
7224116
7225744
7230016
7231321
7231324
7231932
7232487
7233203
7233249
7233515
7235466
7235838
7236435
7237373
7237665
7237687
7238148
7238245
7238349
7238745
7239553
7240283
7240606
7241544
7241821
7242318
7242802
7244055
7245351
7245893
7246446
7246721
7247434
7247592
7249323
7249715
7250049
7251375
7251578
7251734
7251744
7252124
7253288
7254138
7254174
7255872
7257240
7258099
7259972
7260200
7260456
7260586
7261005
7261739
7263300
7263507
7263644
7265869
7266972
7267333
7268161
7268872
7270092
7270623
7271032
7271119
7271447
7272524
7273108
7273177
7273815
7274569
7274907
7274928
7275140
7275585
7277598
7278509
7278559
7278700
7279064
7279739
7279894
7280636
7283500
7283991
7284810
7285069
7285615
7285724
7287715
7287811
7287988
7288135
7288645
7288701
7289621
7289712
7290587
7291405
7291789
7291981
7292010
7292715
7293228
7294330
7294791
7296148
7298619
7298668
7298775
7299079
7302629
7304151
7304457
7304995
7305162
7306902
7308528
7308551
7309098
7309187
7309223
7311630
7313400
7313749
7314201
7314469
7314531
7316353
7318121
7320843
7321338
7321755
7322868
7323404
7324372
7325063
7325153
7325871
7326921
7327893
7328451
7328640
7329105
7329754
7330313
7330488
7331100
7331180
7332370
7332836
7333441
7335368
7335566
7335906
7336318
7336335
7336682
7337255
7337816
7337902
7340256
7340924
7342018
7343184
7343377
7343482
7347665
7347782
7348082
7349336
7349368
7349592
7350029
7350829
7351144
7351362
7352394
7353173
7353631
7354760
7355611
7356023
7356153
7356332
7357676
7360637
7360925
7361314
7363625
7363680
7363741
7364794
7366414
7367056
7367133
7367858
7367981
7368893
7369285
7370107
7370288
7370731
7372192
7372953
7374239
7374907
7375469
7375505
7376089
7377086
7377352
7377664
7379815
7379899
7381182
7381361
7381486
7383729
7385018
7385031
7386040
7387024
7387212
7390106
7391481
7392452
7392614
7392660
7394215
7394795
7394935
7395967
7396354
7396799
7398716
7402124
7402404
7405185
7405648
7405838
7407845
7407854
7408221
7408764
7409652
7409742
7411325
7413026
7413508
7414499
7414931
7415054
7415724
7416075
7416821
7420079
7420534
7420690
7421669
7422054
7423175
7424556
7426287
7427634
7428234
7428769
7429783
7430027
7430091
7431444
7431652
7432908
7433061
7434915
7435031
7435501
7436042
7436900
7437295
7437519
7437542
7438247
7438785
7440157
7441468
7441625
7446541
7446720
7446915
7447128
7447506
7448378
7448554
7449583
7449938
7452018
7452583
7452815
7454187
7454902
7455207
7456014
7457074
7458107
7458519
7459169
7459542
7459778
7460889
7463578
7463596
7463753
7463989
7464016
7464693
7465001
7465076
7465878
7465969
7465980
7466573
7467430
7468299
7469458
7471200
7471609
7472241
7472350
7473548
7474115
7474321
7474428
7474468
7477450
7477635
7479737
7479746
7479808
7480907
7480955
7481369
7482253
7483314
7483701
7483849
7484712
7484720
7486146
7486745
7487090
7487876
7489246
7490658
7490742
7493658
7493680
7493958
7495138
7496041
7497194
7500279
7500414
7500485
7500834
7501538
7501965
7502032
7502038
7502133
7503614
7505052
7506664
7507285
7507366
7507437
7508120
7510599
7510835
7512074
7512270
7513715
7514131
7514762
7514816
7514994
7515056
7515646
7515886
7515940
7516472
7516718
7516860
7518086
7518505
7518533
7519570
7521163
7522076
7522660
7523382
7525042
7525953
7526906
7527445
7527686
7529193
7529946
7530873
7531362
7533361
7533922
7534057
7535113
7536783
7536958
7539421
7539947
7541113
7541903
7542137
7542737
7542922
7545484
7545501
7545964
7547319
7547375
7547388
7548955
7549359
7550415
7550817
7550974
7551006
7551025
7551374
7552030
7552191
7552433
7552731
7553002
7553630
7553718
7554139
7554607
7554767
7554819
7555343
7555495
7557818
7560983
7561353
7562641
7564153
7564961
7565783
7567109
7568143
7568937
7569343
7570525
7570624
7570740
7571376
7571536
7573334
7575889
7576329
7576577
7576642
7576982
7577185
7577568
7580034
7580653
7581380
7581968
7582023
7583603
7583639
7585209
7585476
7586038
7586688
7587137
7587432
7588435
7588591
7589737
7591899
7591914
7591986
7592173
7593190
7594824
7596427
7596671
7596827
7598102
7598176
7599100
7599309
7600004
7600881
7600900
7601437
7605875
7607915
7608575
7610868
7612527
7613998
7614301
7618594
7619346
7622574
7624432
7625442
7626499
7626903
7627213
7627380
7628950
7630151
7631058
7631271
7631741
7634052
7634100
7634118
7634284
7634311
7634850
7636005
7636854
7636925
7639029
7641624
7642263
7643045
7643344
7644440
7644576
7645880
7646727
7646920
7647686
7650030
7650383
7651474
7651659
7653039
7653392
7654591
7654733
7655976
7656393
7656568
7656678
7657350
7657476
7658405
7659073
7659292
7659590
7660461
7660553
7662017
7663505
7663512
7663738
7667489
7668809
7668925
7668944
7669912
7670567
7670876
7671365
7671839
7672743
7672860
7673545
7674695
7674899
7675066
7675294
7675591
7676259
7678402
7685327
7685385
7685410
7686914
7688883
7690235
7690299
7690606
7690849
7691621
7695098
7696848
7696898
7698220
7699399
7699413
7700546
7701531
7701849
7702295
7702660
7703936
7704704
7705066
7705067
7705445
7706872
7707378
7707713
7708081
7709016
7712515
7712558
7714344
7714849
7715862
7716597
7718687
7719861
7720097
7720142
7720858
7722834
7723082
7723323
7723671
7724332
7724679
7724798
7727474
7728095
7728525
7728865
7728952
7729734
7730529
7731190
7732504
7732773
7732919
7733585
7733847
7734081
7734947
7735233
7735416
7737194
7738359
7738777
7739135
7739220
7739925
7742475
7742563
7743984
7746213
7746518
7746902
7747962
7748284
7748428
7748612
7749180
7749922
7750023
7750721
7751393
7751578
7752659
7752814
7753394
7754328
7755580
7756210
7756615
7757166
7757824
7759414
7760143
7763050
7763107
7763905
7764136
7764231
7765014
7766629
7767040
7767228
7767248
7768259
7769551
7770417
7772378
7772840
7773030
7773150
7774626
7775791
7776229
7777616
7779804
7780608
7782508
7785667
7786818
7787128
7788676
7790150
7792740
7793640
7794348
7794486
7797532
7797598
7798048
7799085
7799794
7800334
7800345
7801201
7801310
7802524
7804980
7805095
7805821
7806084
7806448
7806815
7809245
7809659
7809967
7811333
7811669
7812475
7812976
7813680
7814505
7816366
7817404
7817530
7818670
7819265
7821307
7821442
7822115
7823555
7823905
7824537
7824636
7824864
7826125
7827934
7828144
7828329
7829909
7830463
7830548
7831529
7833363
7833367
7834737
7836750
7836992
7837046
7837249
7837495
7837957
7838668
7839209
7839238
7839546
7841299
7842849
7843075
7843782
7844159
7848636
7849977
7851029
7854541
7859693
7861889
7864178
7864608
7865832
7866113
7866643
7867092
7868158
7868476
7868792
7870000
7870043
7870159
7870607
7870889
7870958
7872217
7872571
7872884
7873115
7873948
7874457
7874663
7874943
7875729
7876260
7876582
7878355
7878919
7879354
7880487
7880798
7880802
7882036
7882721
7886104
7887557
7888331
7888437
7888834
7890417
7893834
7894622
7894720
7894892
7894915
7897911
7898817
7901058
7901400
7902354
7904931
7905633
7905718
7905732
7906135
7906491
7906886
7907191
7907191
7909708
7911492
7912447
7912869
7913651
7915145
7915471
7915522
7916137
7916400
7916940
7918640
7919688
7920598
7922213
7922429
7923660
7923740
7925492
7925574
7927365
7927533
7928554
7933226
7935941
7936686
7936696
7937177
7937218
7937222
7938280
7938383
7940879
7941138
7942085
7943543
7943704
7944773
7944832
7945106
7946795
7947593
7948367
7949165
7949867
7950214
7951526
7951993
7952794
7954611
7956121
7956361
7956520
7957566
7957819
7957946
7957961
7960644
7960696
7960983
7961006
7961827
7963091
7963578
7964098
7965252
7965727
7966886
7967026
7967683
7968966
7971197
7972173
7972818
7973874
7974575
7974937
7975860
7977297
7977536
7978107
7979025
7979622
7979629
7979631
7981441
7981450
7981575
7983838
7984241
7984647
7985316
7987365
7987381
7988271
7988499
7990981
7992983
7993559
7997192
7998703
7999150
7999169
7999624
8000603
8000743
8002418
8002926
8003011
8004725
8005077
8005983
8007503
8007670
8008311
8009086
8009381
8011036
8012582
8012975
8013079
8014577
8015334
8017194
8017454
8018976
8019412
8020619
8020742
8021080
8023662
8024435
8024472
8026883
8028691
8028764
8030122
8033603
8035289
8035591
8036130
8037088
8037219
8040922
8042338
8043619
8046012
8046203
8046419
8049510
8050548
8050634
8051272
8051623
8053121
8053363
8053724
8056162
8056635
8057393
8058827
8058855
8059161
8059350
8059606
8063374
8064796
8065303
8067390
8067428
8067609
8068206
8068455
8069568
8069844
8070174
8071078
8074521
8076068
8077045
8077739
8078451
8078739
8081018
8081270
8081776
8082014
8082436
8082542
8083400
8083492
8083697
8084512
8085473
8086487
8087865
8089768
8090259
8090848
8091177
8091198
8092344
8093080
8093561
8094423
8094759
8095410
8095494
8095842
8098226
8099346
8099948
8100350
8101569
8103720
8104321
8105849
8106705
8106806
8106851
8107143
8107241
8107684
8108116
8108629
8109209
8109248
8111383
8111949
8112954
8114688
8115387
8115808
8116924
8117789
8118522
8119335
8119374
8119570
8121928
8122095
8124181
8124263
8127497
8128503
8128906
8128983
8129331
8129343
8129392
8131335
8131760
8132267
8132377
8132462
8133010
8133210
8134106
8134465
8134638
8134935
8136283
8137283
8137400
8137995
8138476
8138648
8140324
8140896
8144272
8144526
8144715
8146711
8147513
8147683
8147856
8147924
8151493
8151670
8151873
8152743
8153785
8154845
8155372
8155550
8156224
8156718
8158507
8158823
8159864
8160328
8160833
8163636
8164764
8166036
8166848
8167275
8168311
8168646
8168881
8169647
8170098
8170596
8171328
8172147
8172392
8173741
8173975
8174687
8174912
8175064
8176005
8176073
8176412
8176945
8179076
8181276
8181963
8182370
8182587
8183878
8184628
8186067
8186572
8187592
8188404
8188486
8188548
8191321
8191822
8194004
8194216
8194727
8194802
8195021
8195556
8196511
8197666
8197963
8198000
8198127
8198338
8199087
8199569
8200382
8201741
8202235
8202532
8202852
8203902
8204678
8204861
8205956
8206198
8208422
8208510
8208848
8211089
8213061
8213323
8213451
8213559
8214014
8214572
8215818
8216368
8216519
8216554
8217384
8220550
8220806
8221114
8223077
8223882
8224830
8225040
8226025
8226317
8227277
8229094
8230486
8230814
8231342
8233281
8233342
8234302
8234313
8234526
8235311
8235567
8235584
8235863
8238004
8238572
8238749
8241169
8242391
8242617
8242751
8243763
8245912
8246606
8248556
8248607
8249149
8249952
8250309
8250497
8250857
8252187
8253334
8253736
8255056
8255428
8256296
8257037
8257236
8257544
8257574
8257962
8258042
8258191
8258855
8258866
8260876
8261003
8261003
8262089
8262148
8262457
8262530
8262808
8263436
8264043
8266024
8266580
8267032
8268972
8269021
8269923
8270171
8270817
8271524
8272715
8273013
8273349
8273626
8275825
8276757
8277026
8278302
8278612
8279205
8279264
8280677
8281014
8282602
8282706
8282804
8284668
8284968
8285330
8285967
8287614
8290591
8291860
8292566
8294019
8294067
8295083
8295197
8295727
8296598
8297154
8297480
8298295
8299247
8300396
8302123
8302183
8304007
8304618
8304869
8305673
8306959
8307425
8307817
8309767
8309921
8309997
8310144
8311602
8312479
8312845
8315699
8315709
8317191
8318606
8319576
8321195
8321995
8322104
8322110
8323087
8323581
8323913
8324971
8325041
8325108
8326438
8327100
8327177
8327657
8329501
8329994
8330203
8330416
8331192
8332160
8332888
8334876
8334883
8335545
8336000
8336116
8336541
8336554
8337909
8338309
8338558
8340004
8340685
8341579
8342862
8342927
8343778
8346044
8347578
8348104
8348291
8348313
8348866
8352453
8354787
8355669
8356638
8356943
8356987
8361489
8361940
8362876
8363476
8363660
8364008
8365130
8365895
8368345
8368644
8369142
8370516
8371127
8371269
8372705
8372769
8373038
8373120
8373291
8374927
8375175
8375567
8375772
8375803
8375892
8376182
8377201
8377232
8379615
8380308
8382305
8383845
8386104
8386803
8389431
8391415
8392192
8392500
8392605
8392907
8393466
8393528
8393869
8394108
8395230
8395786
8396896
8396939
8397376
8397959
8398231
8398449
8401251
8401698
8403024
8403084
8404831
8405248
8406380
8407513
8407825
8408356
8409060
8410385
8411066
8412489
8412640
8413335
8413364
8414027
8414031
8415690
8415727
8416017
8416102
8416682
8417102
8419370
8420178
8421899
8424347
8425524
8426182
8428296
8428859
8429110
8429541
8430220
8430763
8431084
8431182
8432623
8433720
8434175
8434403
8435022
8435448
8435992
8436119
8437621
8438395
8440360
8441868
8444229
8445277
8446199
8446587
8446679
8447518
8447970
8448321
8449158
8449401
8449809
8449828
8450116
8451160
8451857
8452589
8453165
8453841
8456507
8456960
8458201
8458890
8460725
8461081
8461762
8464347
8465453
8467233
8467260
8468380
8469555
8470316
8471080
8471962
8472013
8474056
8474551
8474656
8474863
8475003
8475794
8476073
8476735
8476907
8477099
8477406
8477885
8478319
8479459
8479844
8482110
8483828
8484076
8484307
8484523
8486840
8489106
8489825
8491385
8491604
8492740
8493291
8493858
8494539
8494576
8495019
8495374
8497485
8498259
8500688
8500701
8501891
8502059
8502953
8505258
8505900
8506299
8506727
8507232
8508724
8509412
8509515
8511382
8511636
8511781
8511900
8512952
8514217
8515378
8515627
8515906
8517238
8517969
8518678
8519130
8519481
8520118
8520320
8520833
8521217
8522339
8525123
8526871
8527017
8527460
8527510
8527531
8529604
8529781
8529782
8529983
8530112
8530359
8531314
8531699
8532073
8533630
8534222
8534639
8534846
8535178
8536857
8537437
8537452
8537785
8537937
8538096
8538188
8538523
8538991
8541314
8541731
8542256
8543687
8544360
8544476
8546974
8547668
8548887
8549085
8549279
8549835
8549917
8553384
8553510
8554172
8554606
8554855
8556918
8558442
8558858
8559001
8559268
8559334
8559363
8560233
8561422
8561595
8561872
8562583
8563465
8563925
8564560
8564809
8565863
8566962
8567697
8568374
8569382
8569488
8569671
8571196
8571383
8573253
8575668
8576604
8578473
8578754
8580206
8580468
8580486
8580688
8582261
8583223
8583746
8585496
8585695
8585735
8585889
8586088
8586337
8588684
8588713
8589387
8589913
8590241
8590337
8590931
8591070
8595489
8595556
8596509
8597514
8598517
8598887
8599349
8601138
8601288
8601296
8601343
8601551
8602786
8602909
8603049
8603808
8604026
8604155
8604483
8605005
8605077
8606003
8606755
8608389
8608783
8609294
8609304
8609881
8610141
8610696
8610810
8612559
8612993
8614636
8614892
8615779
8616353
8618754
8619074
8619408
8620335
8620704
8620846
8621588
8621875
8622362
8623052
8623957
8625627
8625721
8625857
8626467
8627070
8627868
8628091
8628153
8628526
8628662
8630108
8631713
8633748
8633891
8634177
8634857
8635716
8636366
8636862
8637595
8637810
8638606
8640461
8640876
8641250
8643359
8647618
8648299
8649096
8649645
8651069
8651164
8653871
8654058
8654451
8655712
8656122
8656212
8657621
8657798
8658208
8658411
8659827
8660025
8661481
8661629
8662155
8663245
8663409
8663937
8664693
8665315
8665513
8665694
8667496
8667716
8668660
8669634
8670393
8670501
8671396
8671943
8672502
8672555
8672826
8673918
8675152
8675648
8676276
8677076
8677227
8678201
8678893
8679285
8679337
8681295
8681503
8683011
8684557
8686520
8686977
8687555
8687878
8687896
8688614
8689400
8690755
8690769
8692670
8692937
8693374
8693718
8695657
8695744
8695935
8696343
8697021
8698030
8698792
8699081
8699321
8700410
8700942
8702520
8703090
8703988
8705666
8708927
8708968
8709519
8709924
8712162
8712354
8712468
8712557
8712766
8713719
8714185
8714217
8715037
8715245
8715751
8716984
8717315
8717604
8719546
8719689
8720318
8720951
8722302
8723448
8723548
8724397
8724424
8724439
8724867
8725279
8726812
8727996
8728016
8728245
8728349
8728512
8728540
8729636
8730161
8732933
8733393
8733699
8734318
8737344
8738065
8739274
8740002
8742923
8742945
8743145
8743323
8745581
8746890
8747016
8748017
8749129
8750091
8750557
8751992
8752354
8753774
8754013
8756750
8756848
8757528
8757721
8758950
8759217
8759334
8760143
8760619
8760862
8761173
8761827
8762437
8763249
8764499
8765722
8766272
8766693
8766809
8767367
8769302
8769734
8770149
8770356
8773071
8773910
8774138
8774739
8775332
8777479
8777779
8777982
8778395
8779739
8780059
8782180
8784710
8785150
8785193
8786012
8786636
8787319
8788329
8789209
8789677
8789927
8790887
8792394
8792616
8793098
8793335
8793466
8793571
8793723
8793905
8794916
8795119
8795648
8796307
8797970
8798312
8798507
8798555
8800990
8802213
8802228
8802268
8802472
8802742
8802909
8803527
8804413
8805043
8805423
8805454
8805841
8806513
8806684
8806801
8808266
8808529
8808691
8809136
8810272
8812085
8813371
8815495
8815656
8817771
8817871
8820810
8820979
8822624
8823951
8826190
8826204
8826315
8826499
8826988
8828179
8830209
8830574
8830659
8831782
8833662
8834300
8834787
8834921
8835537
8836168
8837662
8837962
8838354
8838957
8839356
8839648
8841686
8841958
8841994
8842139
8842573
8843300
8844038
8844194
8847136
8848361
8848492
8849153
8849177
8849364
8849534
8849608
8851928
8852136
8852221
8852904
8854161
8854964
8855156
8856756
8856962
8858191
8858513
8859750
8863951
8866157
8866207
8866385
8866520
8867595
8868062
8868113
8869544
8870139
8870752
8870785
8872157
8872661
8872972
8873115
8874779
8875686
8878469
8878950
8879320
8881222
8881633
8882796
8883331
8883551
8883921
8884271
8885030
8886630
8887645
8887882
8888262
8888309
8888547
8889190
8889193
8889261
8889747
8890294
8890762
8891241
8892470
8892486
8892739
8894193
8894275
8895013
8895116
8896033
8896165
8896283
8896337
8896741
8897248
8897304
8897712
8898407
8898680
8898683
8898916
8899643
8899754
8901146
8901273
8902584
8902680
8902718
8902749
8903489
8903952
8904478
8905442
8908762
8909074
8909534
8909609
8910645
8911462
8912427
8912435
8912574
8913415
8913545
8916707
8917272
8918319
8919727
8920584
8920747
8922927
8924071
8924293
8924394
8925423
8926316
8927392
8928168
8928455
8932066
8932294
8932444
8933779
8934128
8937114
8938046
8939513
8940822
8940940
8941801
8943752
8944175
8944409
8944638
8946233
8946618
8947127
8948038
8949761
8949925
8950704
8952190
8952345
8952466
8953109
8954095
8954394
8954944
8955704
8957493
8958554
8959010
8960044
8960805
8961993
8963306
8963678
8963926
8964735
8966038
8966427
8967802
8968268
8968770
8969745
8970475
8970640
8971993
8972947
8973028
8973868
8974119
8974791
8974909
8975447
8975627
8975662
8976150
8976874
8977014
8977672
8977869
8978288
8979365
8980057
8980127
8980969
8982069
8983505
8985764
8986223
8986786
8987054
8988961
8990331
8991535
8992241
8995609
8996905
8996933
8997294
8997843
8998167
8999297
8999859
